381 ./src/main/java/net/swordie/ms/client/Account.java
159 ./src/main/java/net/swordie/ms/client/alliance/Alliance.java
264 ./src/main/java/net/swordie/ms/client/alliance/AllianceResult.java
138 ./src/main/java/net/swordie/ms/client/anticheat/Offense.java
156 ./src/main/java/net/swordie/ms/client/anticheat/OffenseManager.java
76 ./src/main/java/net/swordie/ms/client/character/avatar/AvatarData.java
671 ./src/main/java/net/swordie/ms/client/character/avatar/AvatarLook.java
62 ./src/main/java/net/swordie/ms/client/character/avatar/BeautyAlbum.java
143 ./src/main/java/net/swordie/ms/client/character/b2body/B2Body.java
336 ./src/main/java/net/swordie/ms/client/character/BroadcastMsg.java
67 ./src/main/java/net/swordie/ms/client/character/cards/CharacterCard.java
70 ./src/main/java/net/swordie/ms/client/character/cards/MonsterBookInfo.java
6970 ./src/main/java/net/swordie/ms/client/character/Char.java
698 ./src/main/java/net/swordie/ms/client/character/CharacterStat.java
16 ./src/main/java/net/swordie/ms/client/character/commands/AdminCommand.java
3250 ./src/main/java/net/swordie/ms/client/character/commands/AdminCommands.java
14 ./src/main/java/net/swordie/ms/client/character/commands/Command.java
18 ./src/main/java/net/swordie/ms/client/character/commands/ICommand.java
14 ./src/main/java/net/swordie/ms/client/character/commands/PlayerCommand.java
246 ./src/main/java/net/swordie/ms/client/character/commands/PlayerCommands.java
72 ./src/main/java/net/swordie/ms/client/character/CoupleRecord.java
505 ./src/main/java/net/swordie/ms/client/character/damage/DamageCalc.java
92 ./src/main/java/net/swordie/ms/client/character/damage/DamageSkinSaveData.java
36 ./src/main/java/net/swordie/ms/client/character/damage/DamageSkinType.java
78 ./src/main/java/net/swordie/ms/client/character/damage/Rand32.java
54 ./src/main/java/net/swordie/ms/client/character/EventCoolDown.java
73 ./src/main/java/net/swordie/ms/client/character/ExtendSP.java
18 ./src/main/java/net/swordie/ms/client/character/FarmPotential.java
50 ./src/main/java/net/swordie/ms/client/character/HyperTPRock.java
462 ./src/main/java/net/swordie/ms/client/character/info/ExpIncreaseInfo.java
112 ./src/main/java/net/swordie/ms/client/character/info/FarmUserInfo.java
33 ./src/main/java/net/swordie/ms/client/character/info/FreezeHotEventInfo.java
62 ./src/main/java/net/swordie/ms/client/character/info/HitInfo.java
186 ./src/main/java/net/swordie/ms/client/character/info/ZeroInfo.java
10 ./src/main/java/net/swordie/ms/client/character/ItemPot.java
155 ./src/main/java/net/swordie/ms/client/character/items/BodyPart.java
34 ./src/main/java/net/swordie/ms/client/character/items/BossSoul.java
82 ./src/main/java/net/swordie/ms/client/character/items/DressUpInfo.java
2172 ./src/main/java/net/swordie/ms/client/character/items/Equip.java
34 ./src/main/java/net/swordie/ms/client/character/items/EquipAttribute.java
101 ./src/main/java/net/swordie/ms/client/character/items/EquipPrefix.java
28 ./src/main/java/net/swordie/ms/client/character/items/EquipSpecialAttribute.java
59 ./src/main/java/net/swordie/ms/client/character/items/ExpConsumeItem.java
129 ./src/main/java/net/swordie/ms/client/character/items/HotTimeReward.java
189 ./src/main/java/net/swordie/ms/client/character/items/Inventory.java
254 ./src/main/java/net/swordie/ms/client/character/items/Item.java
252 ./src/main/java/net/swordie/ms/client/character/items/ItemBuffs.java
129 ./src/main/java/net/swordie/ms/client/character/items/ItemOption.java
22 ./src/main/java/net/swordie/ms/client/character/items/ItemPotSlot.java
27 ./src/main/java/net/swordie/ms/client/character/items/ItemSkill.java
27 ./src/main/java/net/swordie/ms/client/character/items/ItemState.java
56 ./src/main/java/net/swordie/ms/client/character/items/MemorialCubeInfo.java
215 ./src/main/java/net/swordie/ms/client/character/items/PetItem.java
24 ./src/main/java/net/swordie/ms/client/character/items/RequiredJob.java
165 ./src/main/java/net/swordie/ms/client/character/items/ScrollUpgradeInfo.java
109 ./src/main/java/net/swordie/ms/client/character/keys/FuncKeyMap.java
56 ./src/main/java/net/swordie/ms/client/character/keys/Keymapping.java
43 ./src/main/java/net/swordie/ms/client/character/LikePoint.java
71 ./src/main/java/net/swordie/ms/client/character/Macro.java
99 ./src/main/java/net/swordie/ms/client/character/MarriageRecord.java
63 ./src/main/java/net/swordie/ms/client/character/MiniGameRecord.java
112 ./src/main/java/net/swordie/ms/client/character/MiniRoom.java
14 ./src/main/java/net/swordie/ms/client/character/monsterbattle/MonsterBattleLadder.java
10 ./src/main/java/net/swordie/ms/client/character/monsterbattle/MonsterBattleMobInfo.java
10 ./src/main/java/net/swordie/ms/client/character/monsterbattle/MonsterBattleRankInfo.java
220 ./src/main/java/net/swordie/ms/client/character/MonsterCollection.java
100 ./src/main/java/net/swordie/ms/client/character/MonsterCollectionExploration.java
47 ./src/main/java/net/swordie/ms/client/character/MonsterCollectionReward.java
155 ./src/main/java/net/swordie/ms/client/character/MonsterPark.java
127 ./src/main/java/net/swordie/ms/client/character/NonCombatStatDayLimit.java
372 ./src/main/java/net/swordie/ms/client/character/PortableChair.java
103 ./src/main/java/net/swordie/ms/client/character/potential/CharacterPotential.java
151 ./src/main/java/net/swordie/ms/client/character/potential/CharacterPotentialMan.java
72 ./src/main/java/net/swordie/ms/client/character/quest/progress/QuestProgressItemRequirement.java
60 ./src/main/java/net/swordie/ms/client/character/quest/progress/QuestProgressLevelRequirement.java
94 ./src/main/java/net/swordie/ms/client/character/quest/progress/QuestProgressMobRequirement.java
61 ./src/main/java/net/swordie/ms/client/character/quest/progress/QuestProgressMoneyRequirement.java
47 ./src/main/java/net/swordie/ms/client/character/quest/progress/QuestProgressRequirement.java
53 ./src/main/java/net/swordie/ms/client/character/quest/progress/QuestProgressRequirementType.java
13 ./src/main/java/net/swordie/ms/client/character/quest/progress/QuestValueRequirement.java
236 ./src/main/java/net/swordie/ms/client/character/quest/Quest.java
68 ./src/main/java/net/swordie/ms/client/character/quest/QuestEx.java
291 ./src/main/java/net/swordie/ms/client/character/quest/QuestManager.java
72 ./src/main/java/net/swordie/ms/client/character/quest/requirement/QuestStartCompletionRequirement.java
56 ./src/main/java/net/swordie/ms/client/character/quest/requirement/QuestStartItemRequirement.java
52 ./src/main/java/net/swordie/ms/client/character/quest/requirement/QuestStartJobRequirement.java
27 ./src/main/java/net/swordie/ms/client/character/quest/requirement/QuestStartMarriageRequirement.java
43 ./src/main/java/net/swordie/ms/client/character/quest/requirement/QuestStartMaxLevelRequirement.java
55 ./src/main/java/net/swordie/ms/client/character/quest/requirement/QuestStartMinStatRequirement.java
17 ./src/main/java/net/swordie/ms/client/character/quest/requirement/QuestStartRequirement.java
64 ./src/main/java/net/swordie/ms/client/character/quest/requirement/QuestStartRequirementType.java
49 ./src/main/java/net/swordie/ms/client/character/quest/reward/QuestBuffItemReward.java
47 ./src/main/java/net/swordie/ms/client/character/quest/reward/QuestExpReward.java
104 ./src/main/java/net/swordie/ms/client/character/quest/reward/QuestItemReward.java
47 ./src/main/java/net/swordie/ms/client/character/quest/reward/QuestMoneyReward.java
48 ./src/main/java/net/swordie/ms/client/character/quest/reward/QuestPopReward.java
16 ./src/main/java/net/swordie/ms/client/character/quest/reward/QuestReward.java
58 ./src/main/java/net/swordie/ms/client/character/quest/reward/QuestRewardType.java
63 ./src/main/java/net/swordie/ms/client/character/Ranking.java
336 ./src/main/java/net/swordie/ms/client/character/runestones/RuneStone.java
27 ./src/main/java/net/swordie/ms/client/character/runestones/RuneStoneAckType.java
79 ./src/main/java/net/swordie/ms/client/character/RunnerGameRecord.java
84 ./src/main/java/net/swordie/ms/client/character/scene/EffectInfo.java
154 ./src/main/java/net/swordie/ms/client/character/scene/Scene.java
68 ./src/main/java/net/swordie/ms/client/character/skills/ChosenSkill.java
39 ./src/main/java/net/swordie/ms/client/character/skills/Core.java
352 ./src/main/java/net/swordie/ms/client/character/skills/ForceAtom.java
49 ./src/main/java/net/swordie/ms/client/character/skills/GuidedBullet.java
102 ./src/main/java/net/swordie/ms/client/character/skills/info/AttackInfo.java
178 ./src/main/java/net/swordie/ms/client/character/skills/info/ForceAtomInfo.java
93 ./src/main/java/net/swordie/ms/client/character/skills/info/MobAttackInfo.java
143 ./src/main/java/net/swordie/ms/client/character/skills/info/SecondAtomInfo.java
449 ./src/main/java/net/swordie/ms/client/character/skills/info/SkillInfo.java
33 ./src/main/java/net/swordie/ms/client/character/skills/info/SkillUseInfo.java
53 ./src/main/java/net/swordie/ms/client/character/skills/info/ToBaseStat.java
129 ./src/main/java/net/swordie/ms/client/character/skills/LarknessManager.java
197 ./src/main/java/net/swordie/ms/client/character/skills/MatrixRecord.java
142 ./src/main/java/net/swordie/ms/client/character/skills/Option.java
49 ./src/main/java/net/swordie/ms/client/character/skills/PartyBooster.java
97 ./src/main/java/net/swordie/ms/client/character/skills/ProcessType.java
39 ./src/main/java/net/swordie/ms/client/character/skills/PsychicArea.java
38 ./src/main/java/net/swordie/ms/client/character/skills/PsychicLockBall.java
212 ./src/main/java/net/swordie/ms/client/character/skills/SecondAtom.java
162 ./src/main/java/net/swordie/ms/client/character/skills/ShootObject.java
85 ./src/main/java/net/swordie/ms/client/character/skills/Skill.java
508 ./src/main/java/net/swordie/ms/client/character/skills/SkillStat.java
122 ./src/main/java/net/swordie/ms/client/character/skills/StolenSkill.java
58 ./src/main/java/net/swordie/ms/client/character/skills/StopForceAtom.java
1324 ./src/main/java/net/swordie/ms/client/character/skills/temp/CharacterTemporaryStat.java
122 ./src/main/java/net/swordie/ms/client/character/skills/temp/TemporaryStatBase.java
1452 ./src/main/java/net/swordie/ms/client/character/skills/temp/TemporaryStatManager.java
22 ./src/main/java/net/swordie/ms/client/character/skills/temp/TwoStateTemporaryStat.java
156 ./src/main/java/net/swordie/ms/client/character/skills/TownPortal.java
54 ./src/main/java/net/swordie/ms/client/character/SPSet.java
128 ./src/main/java/net/swordie/ms/client/character/TradeRoom.java
134 ./src/main/java/net/swordie/ms/client/character/union/Union.java
146 ./src/main/java/net/swordie/ms/client/character/union/UnionBoard.java
153 ./src/main/java/net/swordie/ms/client/character/union/UnionMember.java
210 ./src/main/java/net/swordie/ms/client/Client.java
160 ./src/main/java/net/swordie/ms/client/friend/Friend.java
28 ./src/main/java/net/swordie/ms/client/friend/FriendFlag.java
62 ./src/main/java/net/swordie/ms/client/friend/FriendRecord.java
171 ./src/main/java/net/swordie/ms/client/friend/FriendshipRingRecord.java
77 ./src/main/java/net/swordie/ms/client/friend/FriendType.java
112 ./src/main/java/net/swordie/ms/client/friend/result/FriendResult.java
152 ./src/main/java/net/swordie/ms/client/guild/bbs/BBSRecord.java
82 ./src/main/java/net/swordie/ms/client/guild/bbs/BBSReply.java
61 ./src/main/java/net/swordie/ms/client/guild/bbs/GuildBBSPacket.java
34 ./src/main/java/net/swordie/ms/client/guild/bbs/GuildBBSType.java
610 ./src/main/java/net/swordie/ms/client/guild/Guild.java
204 ./src/main/java/net/swordie/ms/client/guild/GuildMember.java
125 ./src/main/java/net/swordie/ms/client/guild/GuildRequestor.java
81 ./src/main/java/net/swordie/ms/client/guild/GuildSkill.java
305 ./src/main/java/net/swordie/ms/client/guild/result/GuildResult.java
230 ./src/main/java/net/swordie/ms/client/guild/result/GuildType.java
319 ./src/main/java/net/swordie/ms/client/jobs/adventurer/archer/Archer.java
724 ./src/main/java/net/swordie/ms/client/jobs/adventurer/archer/BowMaster.java
392 ./src/main/java/net/swordie/ms/client/jobs/adventurer/archer/Marksman.java
932 ./src/main/java/net/swordie/ms/client/jobs/adventurer/archer/Pathfinder.java
907 ./src/main/java/net/swordie/ms/client/jobs/adventurer/BeastTamer.java
154 ./src/main/java/net/swordie/ms/client/jobs/adventurer/Beginner.java
538 ./src/main/java/net/swordie/ms/client/jobs/adventurer/Kinesis.java
713 ./src/main/java/net/swordie/ms/client/jobs/adventurer/magician/Bishop.java
576 ./src/main/java/net/swordie/ms/client/jobs/adventurer/magician/FirePoison.java
449 ./src/main/java/net/swordie/ms/client/jobs/adventurer/magician/IceLightning.java
508 ./src/main/java/net/swordie/ms/client/jobs/adventurer/magician/Magician.java
336 ./src/main/java/net/swordie/ms/client/jobs/adventurer/PinkBean.java
630 ./src/main/java/net/swordie/ms/client/jobs/adventurer/pirate/Buccaneer.java
531 ./src/main/java/net/swordie/ms/client/jobs/adventurer/pirate/Cannonneer.java
462 ./src/main/java/net/swordie/ms/client/jobs/adventurer/pirate/Corsair.java
394 ./src/main/java/net/swordie/ms/client/jobs/adventurer/pirate/Jett.java
344 ./src/main/java/net/swordie/ms/client/jobs/adventurer/pirate/Pirate.java
362 ./src/main/java/net/swordie/ms/client/jobs/adventurer/thief/BladeMaster.java
436 ./src/main/java/net/swordie/ms/client/jobs/adventurer/thief/NightLord.java
592 ./src/main/java/net/swordie/ms/client/jobs/adventurer/thief/Shadower.java
416 ./src/main/java/net/swordie/ms/client/jobs/adventurer/thief/Thief.java
543 ./src/main/java/net/swordie/ms/client/jobs/adventurer/warrior/DarkKnight.java
663 ./src/main/java/net/swordie/ms/client/jobs/adventurer/warrior/Hero.java
812 ./src/main/java/net/swordie/ms/client/jobs/adventurer/warrior/Paladin.java
264 ./src/main/java/net/swordie/ms/client/jobs/adventurer/warrior/Warrior.java
834 ./src/main/java/net/swordie/ms/client/jobs/anima/HoYoung.java
578 ./src/main/java/net/swordie/ms/client/jobs/cygnus/BlazeWizard.java
589 ./src/main/java/net/swordie/ms/client/jobs/cygnus/DawnWarrior.java
904 ./src/main/java/net/swordie/ms/client/jobs/cygnus/Mihile.java
959 ./src/main/java/net/swordie/ms/client/jobs/cygnus/NightWalker.java
149 ./src/main/java/net/swordie/ms/client/jobs/cygnus/Noblesse.java
462 ./src/main/java/net/swordie/ms/client/jobs/cygnus/ThunderBreaker.java
715 ./src/main/java/net/swordie/ms/client/jobs/cygnus/WindArcher.java
718 ./src/main/java/net/swordie/ms/client/jobs/flora/Adele.java
735 ./src/main/java/net/swordie/ms/client/jobs/flora/Ark.java
867 ./src/main/java/net/swordie/ms/client/jobs/flora/Illium.java
1866 ./src/main/java/net/swordie/ms/client/jobs/Job.java
162 ./src/main/java/net/swordie/ms/client/jobs/JobManager.java
703 ./src/main/java/net/swordie/ms/client/jobs/legend/Aran.java
550 ./src/main/java/net/swordie/ms/client/jobs/legend/Evan.java
48 ./src/main/java/net/swordie/ms/client/jobs/legend/Legend.java
623 ./src/main/java/net/swordie/ms/client/jobs/legend/Luminous.java
563 ./src/main/java/net/swordie/ms/client/jobs/legend/Mercedes.java
926 ./src/main/java/net/swordie/ms/client/jobs/legend/Phantom.java
680 ./src/main/java/net/swordie/ms/client/jobs/legend/Shade.java
849 ./src/main/java/net/swordie/ms/client/jobs/nova/AngelicBuster.java
571 ./src/main/java/net/swordie/ms/client/jobs/nova/Cadena.java
913 ./src/main/java/net/swordie/ms/client/jobs/nova/Kaiser.java
887 ./src/main/java/net/swordie/ms/client/jobs/resistance/BattleMage.java
635 ./src/main/java/net/swordie/ms/client/jobs/resistance/Blaster.java
92 ./src/main/java/net/swordie/ms/client/jobs/resistance/Citizen.java
215 ./src/main/java/net/swordie/ms/client/jobs/resistance/demon/Demon.java
740 ./src/main/java/net/swordie/ms/client/jobs/resistance/demon/DemonAvenger.java
614 ./src/main/java/net/swordie/ms/client/jobs/resistance/demon/DemonSlayer.java
624 ./src/main/java/net/swordie/ms/client/jobs/resistance/Mechanic.java
109 ./src/main/java/net/swordie/ms/client/jobs/resistance/OpenGate.java
751 ./src/main/java/net/swordie/ms/client/jobs/resistance/WildHunter.java
55 ./src/main/java/net/swordie/ms/client/jobs/resistance/WildHunterInfo.java
730 ./src/main/java/net/swordie/ms/client/jobs/resistance/Xenon.java
714 ./src/main/java/net/swordie/ms/client/jobs/sengoku/Hayato.java
1106 ./src/main/java/net/swordie/ms/client/jobs/sengoku/Kanna.java
766 ./src/main/java/net/swordie/ms/client/jobs/Zero.java
85 ./src/main/java/net/swordie/ms/client/LinkSkill.java
360 ./src/main/java/net/swordie/ms/client/party/Party.java
89 ./src/main/java/net/swordie/ms/client/party/PartyDamageInfo.java
132 ./src/main/java/net/swordie/ms/client/party/PartyMember.java
173 ./src/main/java/net/swordie/ms/client/party/PartyResult.java
230 ./src/main/java/net/swordie/ms/client/party/PartyType.java
63 ./src/main/java/net/swordie/ms/client/party/TownPortal.java
176 ./src/main/java/net/swordie/ms/client/trunk/Trunk.java
13 ./src/main/java/net/swordie/ms/client/trunk/TrunkDlg.java
25 ./src/main/java/net/swordie/ms/client/trunk/TrunkMsg.java
28 ./src/main/java/net/swordie/ms/client/trunk/TrunkOpen.java
53 ./src/main/java/net/swordie/ms/client/trunk/TrunkType.java
27 ./src/main/java/net/swordie/ms/client/trunk/TrunkUpdate.java
489 ./src/main/java/net/swordie/ms/client/User.java
65 ./src/main/java/net/swordie/ms/connection/api/ApiAcceptor.java
36 ./src/main/java/net/swordie/ms/connection/api/ApiDecoder.java
38 ./src/main/java/net/swordie/ms/connection/api/ApiEncoder.java
48 ./src/main/java/net/swordie/ms/connection/api/ApiHandler.java
27 ./src/main/java/net/swordie/ms/connection/api/ApiInHeader.java
27 ./src/main/java/net/swordie/ms/connection/api/ApiOutHeader.java
339 ./src/main/java/net/swordie/ms/connection/ByteBufOutPacket.java
233 ./src/main/java/net/swordie/ms/connection/crypto/AES.java
50 ./src/main/java/net/swordie/ms/connection/crypto/BitTools.java
295 ./src/main/java/net/swordie/ms/connection/crypto/MapleCrypto.java
167 ./src/main/java/net/swordie/ms/connection/crypto/TripleDESCipher.java
52 ./src/main/java/net/swordie/ms/connection/db/converters/FileTimeConverter.java
45 ./src/main/java/net/swordie/ms/connection/db/converters/InlinedIntArrayConverter.java
36 ./src/main/java/net/swordie/ms/connection/db/converters/InlinedIntMapConverter.java
34 ./src/main/java/net/swordie/ms/connection/db/DatabaseException.java
264 ./src/main/java/net/swordie/ms/connection/db/DatabaseManager.java
9 ./src/main/java/net/swordie/ms/connection/Encodable.java
191 ./src/main/java/net/swordie/ms/connection/InPacket.java
76 ./src/main/java/net/swordie/ms/connection/netty/ChannelAcceptor.java
167 ./src/main/java/net/swordie/ms/connection/netty/ChannelHandler.java
76 ./src/main/java/net/swordie/ms/connection/netty/ChatAcceptor.java
77 ./src/main/java/net/swordie/ms/connection/netty/LoginAcceptor.java
203 ./src/main/java/net/swordie/ms/connection/netty/NettyClient.java
72 ./src/main/java/net/swordie/ms/connection/netty/PacketDecoder.java
76 ./src/main/java/net/swordie/ms/connection/netty/PacketEncoder.java
33 ./src/main/java/net/swordie/ms/connection/netty/PacketHandler.java
342 ./src/main/java/net/swordie/ms/connection/OutPacket.java
65 ./src/main/java/net/swordie/ms/connection/packet/AndroidPacket.java
33 ./src/main/java/net/swordie/ms/connection/packet/ApiResponse.java
34 ./src/main/java/net/swordie/ms/connection/packet/BattleRecordMan.java
306 ./src/main/java/net/swordie/ms/connection/packet/CCashShop.java
80 ./src/main/java/net/swordie/ms/connection/packet/CFamiliar.java
62 ./src/main/java/net/swordie/ms/connection/packet/ChatSocket.java
138 ./src/main/java/net/swordie/ms/connection/packet/CUIHandler.java
43 ./src/main/java/net/swordie/ms/connection/packet/DragonPool.java
132 ./src/main/java/net/swordie/ms/connection/packet/DropPool.java
1260 ./src/main/java/net/swordie/ms/connection/packet/Effect.java
37 ./src/main/java/net/swordie/ms/connection/packet/FieldAttackObjPool.java
1565 ./src/main/java/net/swordie/ms/connection/packet/FieldPacket.java
54 ./src/main/java/net/swordie/ms/connection/packet/GachaponDlg.java
306 ./src/main/java/net/swordie/ms/connection/packet/InGameDirectionEvent.java
12 ./src/main/java/net/swordie/ms/connection/packet/ItemOperation.java
396 ./src/main/java/net/swordie/ms/connection/packet/Login.java
32 ./src/main/java/net/swordie/ms/connection/packet/MapLoadable.java
119 ./src/main/java/net/swordie/ms/connection/packet/MiniroomPacket.java
513 ./src/main/java/net/swordie/ms/connection/packet/MobPool.java
22 ./src/main/java/net/swordie/ms/connection/packet/MobSkillAttackInfo.java
113 ./src/main/java/net/swordie/ms/connection/packet/NpcPool.java
129 ./src/main/java/net/swordie/ms/connection/packet/QuickMoveInfo.java
83 ./src/main/java/net/swordie/ms/connection/packet/RandomPortal.java
30 ./src/main/java/net/swordie/ms/connection/packet/RandomPortalPool.java
81 ./src/main/java/net/swordie/ms/connection/packet/ReactorPool.java
161 ./src/main/java/net/swordie/ms/connection/packet/ScriptMan.java
151 ./src/main/java/net/swordie/ms/connection/packet/SecondAtomPacket.java
34 ./src/main/java/net/swordie/ms/connection/packet/ShopDlg.java
269 ./src/main/java/net/swordie/ms/connection/packet/Stage.java
395 ./src/main/java/net/swordie/ms/connection/packet/Summoned.java
998 ./src/main/java/net/swordie/ms/connection/packet/UserLocal.java
273 ./src/main/java/net/swordie/ms/connection/packet/UserPacket.java
373 ./src/main/java/net/swordie/ms/connection/packet/UserPool.java
571 ./src/main/java/net/swordie/ms/connection/packet/UserRemote.java
1550 ./src/main/java/net/swordie/ms/connection/packet/WvsContext.java
73 ./src/main/java/net/swordie/ms/connection/Packet.java
229 ./src/main/java/net/swordie/ms/constants/BossConstants.java
376 ./src/main/java/net/swordie/ms/constants/CustomConstants.java
15 ./src/main/java/net/swordie/ms/constants/FieldConstants.java
1169 ./src/main/java/net/swordie/ms/constants/GameConstants.java
3267 ./src/main/java/net/swordie/ms/constants/ItemConstants.java
1218 ./src/main/java/net/swordie/ms/constants/JobConstants.java
45 ./src/main/java/net/swordie/ms/constants/MobConstants.java
68 ./src/main/java/net/swordie/ms/constants/MonsterCollectionGroup.java
53 ./src/main/java/net/swordie/ms/constants/MonsterCollectionRegion.java
109 ./src/main/java/net/swordie/ms/constants/MonsterCollectionSession.java
59 ./src/main/java/net/swordie/ms/constants/QuestConstants.java
715 ./src/main/java/net/swordie/ms/constants/SkillChanges.java
3038 ./src/main/java/net/swordie/ms/constants/SkillConstants.java
34 ./src/main/java/net/swordie/ms/constants/WzConstants.java
394 ./src/main/java/net/swordie/ms/discord/DiscordWebhook.java
12 ./src/main/java/net/swordie/ms/enums/AccountCreateResult.java
19 ./src/main/java/net/swordie/ms/enums/AccountType.java
31 ./src/main/java/net/swordie/ms/enums/AchievementType.java
62 ./src/main/java/net/swordie/ms/enums/AllianceType.java
27 ./src/main/java/net/swordie/ms/enums/ApiTokenResultType.java
38 ./src/main/java/net/swordie/ms/enums/AssistType.java
29 ./src/main/java/net/swordie/ms/enums/AttackIndex.java
28 ./src/main/java/net/swordie/ms/enums/AuctionResultCode.java
28 ./src/main/java/net/swordie/ms/enums/AuctionState.java
21 ./src/main/java/net/swordie/ms/enums/AvatarModifiedMask.java
478 ./src/main/java/net/swordie/ms/enums/BaseStat.java
19 ./src/main/java/net/swordie/ms/enums/BeastTamerBeasts.java
97 ./src/main/java/net/swordie/ms/enums/BossMatchingType.java
72 ./src/main/java/net/swordie/ms/enums/BroadcastMsgType.java
335 ./src/main/java/net/swordie/ms/enums/CashItemType.java
38 ./src/main/java/net/swordie/ms/enums/CashShopActionType.java
26 ./src/main/java/net/swordie/ms/enums/CashShopInfoType.java
59 ./src/main/java/net/swordie/ms/enums/ChairType.java
25 ./src/main/java/net/swordie/ms/enums/CharNameResult.java
11 ./src/main/java/net/swordie/ms/enums/CharPotGrade.java
24 ./src/main/java/net/swordie/ms/enums/CharSelectType.java
62 ./src/main/java/net/swordie/ms/enums/ChatType.java
19 ./src/main/java/net/swordie/ms/enums/ChatUserType.java
27 ./src/main/java/net/swordie/ms/enums/ClockType.java
34 ./src/main/java/net/swordie/ms/enums/ClothingStats.java
26 ./src/main/java/net/swordie/ms/enums/CustomFieldScripts.java
38 ./src/main/java/net/swordie/ms/enums/CustomFUEFieldScripts.java
106 ./src/main/java/net/swordie/ms/enums/DBChar.java
79 ./src/main/java/net/swordie/ms/enums/DimensionalMirrorType.java
52 ./src/main/java/net/swordie/ms/enums/DimensionalPortalTownType.java
85 ./src/main/java/net/swordie/ms/enums/DimensionalPortalType.java
21 ./src/main/java/net/swordie/ms/enums/DropEnterType.java
25 ./src/main/java/net/swordie/ms/enums/DropLeaveType.java
9 ./src/main/java/net/swordie/ms/enums/DropMotionType.java
19 ./src/main/java/net/swordie/ms/enums/DropType.java
24 ./src/main/java/net/swordie/ms/enums/EliteState.java
95 ./src/main/java/net/swordie/ms/enums/EnchantStat.java
19 ./src/main/java/net/swordie/ms/enums/EnterType.java
56 ./src/main/java/net/swordie/ms/enums/EquipBaseStat.java
36 ./src/main/java/net/swordie/ms/enums/EquipmentEnchantType.java
44 ./src/main/java/net/swordie/ms/enums/EventType.java
42 ./src/main/java/net/swordie/ms/enums/ExpIncreaseInfoFlags.java
44 ./src/main/java/net/swordie/ms/enums/FieldOption.java
173 ./src/main/java/net/swordie/ms/enums/FieldType.java
52 ./src/main/java/net/swordie/ms/enums/FlameStat.java
253 ./src/main/java/net/swordie/ms/enums/ForceAtomEnum.java
33 ./src/main/java/net/swordie/ms/enums/ForcedInputType.java
21 ./src/main/java/net/swordie/ms/enums/GoldHammerResult.java
15 ./src/main/java/net/swordie/ms/enums/GroupMessageType.java
26 ./src/main/java/net/swordie/ms/enums/HotTimeRewardResult.java
20 ./src/main/java/net/swordie/ms/enums/HotTimeRewardSendType.java
19 ./src/main/java/net/swordie/ms/enums/HotTimeRewardType.java
27 ./src/main/java/net/swordie/ms/enums/InGameDirectionAsk.java
49 ./src/main/java/net/swordie/ms/enums/InGameDirectionEventType.java
49 ./src/main/java/net/swordie/ms/enums/InstanceTableType.java
29 ./src/main/java/net/swordie/ms/enums/InventoryOperation.java
74 ./src/main/java/net/swordie/ms/enums/InvType.java
167 ./src/main/java/net/swordie/ms/enums/ItemGrade.java
13 ./src/main/java/net/swordie/ms/enums/ItemJob.java
34 ./src/main/java/net/swordie/ms/enums/ItemOptionType.java
23 ./src/main/java/net/swordie/ms/enums/LeaveType.java
22 ./src/main/java/net/swordie/ms/enums/LegionType.java
23 ./src/main/java/net/swordie/ms/enums/LinkedSkillResultType.java
16 ./src/main/java/net/swordie/ms/enums/LinkSkillResult.java
13 ./src/main/java/net/swordie/ms/enums/LoginState.java
111 ./src/main/java/net/swordie/ms/enums/LoginType.java
26 ./src/main/java/net/swordie/ms/enums/MakingSkillResult.java
33 ./src/main/java/net/swordie/ms/enums/MapTransferType.java
38 ./src/main/java/net/swordie/ms/enums/MatrixUpdateRequest.java
24 ./src/main/java/net/swordie/ms/enums/MedalReissueResultType.java
71 ./src/main/java/net/swordie/ms/enums/MessageType.java
50 ./src/main/java/net/swordie/ms/enums/MiniRoomType.java
12 ./src/main/java/net/swordie/ms/enums/MobCastingBarSkillType.java
25 ./src/main/java/net/swordie/ms/enums/MonsterCollectionResultType.java
40 ./src/main/java/net/swordie/ms/enums/MoveAbility.java
26 ./src/main/java/net/swordie/ms/enums/ObtacleAtomCreateType.java
96 ./src/main/java/net/swordie/ms/enums/ObtacleAtomEnum.java
21 ./src/main/java/net/swordie/ms/enums/PetRemoveReason.java
26 ./src/main/java/net/swordie/ms/enums/PicStatus.java
24 ./src/main/java/net/swordie/ms/enums/PopularityResultType.java
10 ./src/main/java/net/swordie/ms/enums/PotentialResetType.java
50 ./src/main/java/net/swordie/ms/enums/ProgressMessageColourType.java
30 ./src/main/java/net/swordie/ms/enums/ProgressMessageFontType.java
20 ./src/main/java/net/swordie/ms/enums/QuestStatus.java
61 ./src/main/java/net/swordie/ms/enums/QuestType.java
42 ./src/main/java/net/swordie/ms/enums/QuickMoveType.java
25 ./src/main/java/net/swordie/ms/enums/RandomMissionType.java
30 ./src/main/java/net/swordie/ms/enums/ReviveType.java
54 ./src/main/java/net/swordie/ms/enums/RoomLeaveType.java
26 ./src/main/java/net/swordie/ms/enums/RuneType.java
29 ./src/main/java/net/swordie/ms/enums/SceneType.java
87 ./src/main/java/net/swordie/ms/enums/ScrollStat.java
23 ./src/main/java/net/swordie/ms/enums/SecondAtomEnum.java
36 ./src/main/java/net/swordie/ms/enums/SendTypeFromClient.java
48 ./src/main/java/net/swordie/ms/enums/SkillType.java
30 ./src/main/java/net/swordie/ms/enums/SoulType.java
104 ./src/main/java/net/swordie/ms/enums/SpecStat.java
11 ./src/main/java/net/swordie/ms/enums/SpellTraceScrollType.java
69 ./src/main/java/net/swordie/ms/enums/Stat.java
26 ./src/main/java/net/swordie/ms/enums/StealMemoryType.java
22 ./src/main/java/net/swordie/ms/enums/StylishKillType.java
52 ./src/main/java/net/swordie/ms/enums/TabIndex.java
16 ./src/main/java/net/swordie/ms/enums/TextEffectType.java
110 ./src/main/java/net/swordie/ms/enums/TSIndex.java
28 ./src/main/java/net/swordie/ms/enums/UiScript.java
375 ./src/main/java/net/swordie/ms/enums/UIType.java
115 ./src/main/java/net/swordie/ms/enums/UserEffectType.java
65 ./src/main/java/net/swordie/ms/enums/WeaponType.java
233 ./src/main/java/net/swordie/ms/enums/WeatherEffNoticeType.java
50 ./src/main/java/net/swordie/ms/enums/WorldId.java
86 ./src/main/java/net/swordie/ms/handlers/ApiRequestHandler.java
219 ./src/main/java/net/swordie/ms/handlers/CashShopHandler.java
97 ./src/main/java/net/swordie/ms/handlers/CatchingScheduledThreadPoolExecutor.java
34 ./src/main/java/net/swordie/ms/handlers/ClientSocket.java
134 ./src/main/java/net/swordie/ms/handlers/EventManager.java
31 ./src/main/java/net/swordie/ms/handlers/FieldHandler.java
14 ./src/main/java/net/swordie/ms/handlers/Handler.java
1377 ./src/main/java/net/swordie/ms/handlers/header/InHeader.java
2240 ./src/main/java/net/swordie/ms/handlers/header/OutHeader.java
280 ./src/main/java/net/swordie/ms/handlers/item/InventoryHandler.java
1306 ./src/main/java/net/swordie/ms/handlers/item/ItemHandler.java
552 ./src/main/java/net/swordie/ms/handlers/item/ItemUpgradeHandler.java
26 ./src/main/java/net/swordie/ms/handlers/life/AffectedAreaHandler.java
27 ./src/main/java/net/swordie/ms/handlers/life/AndroidHandler.java
28 ./src/main/java/net/swordie/ms/handlers/life/DragonHandler.java
69 ./src/main/java/net/swordie/ms/handlers/life/DropHandler.java
137 ./src/main/java/net/swordie/ms/handlers/life/FamiliarHandler.java
482 ./src/main/java/net/swordie/ms/handlers/life/MobHandler.java
496 ./src/main/java/net/swordie/ms/handlers/life/NpcHandler.java
270 ./src/main/java/net/swordie/ms/handlers/life/PetHandler.java
77 ./src/main/java/net/swordie/ms/handlers/life/ReactorHandler.java
151 ./src/main/java/net/swordie/ms/handlers/life/SummonedHandler.java
691 ./src/main/java/net/swordie/ms/handlers/LoginHandler.java
33 ./src/main/java/net/swordie/ms/handlers/PsychicLock.java
175 ./src/main/java/net/swordie/ms/handlers/script/QuestHandler.java
291 ./src/main/java/net/swordie/ms/handlers/script/ScriptHandler.java
258 ./src/main/java/net/swordie/ms/handlers/social/AuctionHandler.java
38 ./src/main/java/net/swordie/ms/handlers/social/BossMatchingHandler.java
282 ./src/main/java/net/swordie/ms/handlers/social/ChatHandler.java
278 ./src/main/java/net/swordie/ms/handlers/social/FriendHandler.java
611 ./src/main/java/net/swordie/ms/handlers/social/GuildHandler.java
221 ./src/main/java/net/swordie/ms/handlers/social/PartyHandler.java
236 ./src/main/java/net/swordie/ms/handlers/social/RoomHandler.java
257 ./src/main/java/net/swordie/ms/handlers/TaskMan.java
793 ./src/main/java/net/swordie/ms/handlers/user/AttackHandler.java
843 ./src/main/java/net/swordie/ms/handlers/user/JobSkillHandler.java
62 ./src/main/java/net/swordie/ms/handlers/user/MacroHandler.java
469 ./src/main/java/net/swordie/ms/handlers/user/MigrationHandler.java
1107 ./src/main/java/net/swordie/ms/handlers/user/SkillHandler.java
139 ./src/main/java/net/swordie/ms/handlers/user/UnionHandler.java
801 ./src/main/java/net/swordie/ms/handlers/user/UserHandler.java
454 ./src/main/java/net/swordie/ms/handlers/user/UserStatHandler.java
99 ./src/main/java/net/swordie/ms/handlers/user/ZeroUIHandler.java
596 ./src/main/java/net/swordie/ms/life/AffectedArea.java
142 ./src/main/java/net/swordie/ms/life/Android.java
29 ./src/main/java/net/swordie/ms/life/DeathType.java
36 ./src/main/java/net/swordie/ms/life/Dragon.java
174 ./src/main/java/net/swordie/ms/life/drop/Drop.java
173 ./src/main/java/net/swordie/ms/life/drop/DropInfo.java
234 ./src/main/java/net/swordie/ms/life/Familiar.java
65 ./src/main/java/net/swordie/ms/life/FieldAttackObj.java
410 ./src/main/java/net/swordie/ms/life/Life.java
34 ./src/main/java/net/swordie/ms/life/mob/EscortDest.java
147 ./src/main/java/net/swordie/ms/life/mob/ForcedMobStat.java
2469 ./src/main/java/net/swordie/ms/life/mob/Mob.java
237 ./src/main/java/net/swordie/ms/life/mob/MobStat.java
725 ./src/main/java/net/swordie/ms/life/mob/MobTemporaryStat.java
202 ./src/main/java/net/swordie/ms/life/mob/skill/BurnedInfo.java
675 ./src/main/java/net/swordie/ms/life/mob/skill/MobSkill.java
173 ./src/main/java/net/swordie/ms/life/mob/skill/MobSkillID.java
65 ./src/main/java/net/swordie/ms/life/mob/skill/MobSkillStat.java
66 ./src/main/java/net/swordie/ms/life/mob/skill/ShootingMoveStat.java
41 ./src/main/java/net/swordie/ms/life/movement/Movement.java
41 ./src/main/java/net/swordie/ms/life/movement/MovementAction.java
58 ./src/main/java/net/swordie/ms/life/movement/MovementAngle.java
138 ./src/main/java/net/swordie/ms/life/movement/MovementBase.java
52 ./src/main/java/net/swordie/ms/life/movement/MovementFlyingBlock.java
211 ./src/main/java/net/swordie/ms/life/movement/MovementInfo.java
60 ./src/main/java/net/swordie/ms/life/movement/MovementJump.java
45 ./src/main/java/net/swordie/ms/life/movement/MovementNew1.java
74 ./src/main/java/net/swordie/ms/life/movement/MovementNormal.java
44 ./src/main/java/net/swordie/ms/life/movement/MovementOffsetX.java
53 ./src/main/java/net/swordie/ms/life/movement/MovementStartFallDown.java
34 ./src/main/java/net/swordie/ms/life/movement/MovementStatChange.java
49 ./src/main/java/net/swordie/ms/life/movement/MovementTeleport.java
108 ./src/main/java/net/swordie/ms/life/movement/MovePathAttribute.java
235 ./src/main/java/net/swordie/ms/life/npc/Npc.java
129 ./src/main/java/net/swordie/ms/life/npc/NpcMessageType.java
353 ./src/main/java/net/swordie/ms/life/npc/NpcScriptInfo.java
32 ./src/main/java/net/swordie/ms/life/npc/ScreenInfo.java
132 ./src/main/java/net/swordie/ms/life/pet/Pet.java
33 ./src/main/java/net/swordie/ms/life/pet/PetSkill.java
129 ./src/main/java/net/swordie/ms/life/Reactor.java
558 ./src/main/java/net/swordie/ms/life/Summon.java
54 ./src/main/java/net/swordie/ms/life/Wreckage.java
47 ./src/main/java/net/swordie/ms/loaders/containerclasses/AndroidInfo.java
19 ./src/main/java/net/swordie/ms/loaders/containerclasses/Cosmetic.java
46 ./src/main/java/net/swordie/ms/loaders/containerclasses/EquipDrop.java
348 ./src/main/java/net/swordie/ms/loaders/containerclasses/ItemInfo.java
53 ./src/main/java/net/swordie/ms/loaders/containerclasses/ItemRewardInfo.java
75 ./src/main/java/net/swordie/ms/loaders/containerclasses/ItemSet.java
356 ./src/main/java/net/swordie/ms/loaders/containerclasses/MakingSkillRecipe.java
147 ./src/main/java/net/swordie/ms/loaders/containerclasses/MobSkillInfo.java
63 ./src/main/java/net/swordie/ms/loaders/containerclasses/MonsterCollectionGroupRewardInfo.java
69 ./src/main/java/net/swordie/ms/loaders/containerclasses/MonsterCollectionMobInfo.java
54 ./src/main/java/net/swordie/ms/loaders/containerclasses/MonsterCollectionSessionRewardInfo.java
381 ./src/main/java/net/swordie/ms/loaders/containerclasses/PetInfo.java
303 ./src/main/java/net/swordie/ms/loaders/containerclasses/QuestInfo.java
187 ./src/main/java/net/swordie/ms/loaders/containerclasses/ReactorInfo.java
49 ./src/main/java/net/swordie/ms/loaders/containerclasses/SkillStringInfo.java
123 ./src/main/java/net/swordie/ms/loaders/containerclasses/VCoreInfo.java
35 ./src/main/java/net/swordie/ms/loaders/containerclasses/VNodeInfo.java
37 ./src/main/java/net/swordie/ms/loaders/DataClasses.java
15 ./src/main/java/net/swordie/ms/loaders/DatSerializable.java
189 ./src/main/java/net/swordie/ms/loaders/DressingRoom.java
132 ./src/main/java/net/swordie/ms/loaders/DropData.java
94 ./src/main/java/net/swordie/ms/loaders/EffectData.java
324 ./src/main/java/net/swordie/ms/loaders/EtcData.java
879 ./src/main/java/net/swordie/ms/loaders/FieldData.java
2134 ./src/main/java/net/swordie/ms/loaders/ItemData.java
1048 ./src/main/java/net/swordie/ms/loaders/MobData.java
117 ./src/main/java/net/swordie/ms/loaders/MonsterCollectionData.java
183 ./src/main/java/net/swordie/ms/loaders/NpcData.java
748 ./src/main/java/net/swordie/ms/loaders/QuestData.java
232 ./src/main/java/net/swordie/ms/loaders/ReactorData.java
1319 ./src/main/java/net/swordie/ms/loaders/SkillData.java
671 ./src/main/java/net/swordie/ms/loaders/StringData.java
181 ./src/main/java/net/swordie/ms/loaders/StyleRoom.java
298 ./src/main/java/net/swordie/ms/loaders/VCoreData.java
97 ./src/main/java/net/swordie/ms/scripts/FieldTransferInfo.java
136 ./src/main/java/net/swordie/ms/scripts/ScriptInfo.java
593 ./src/main/java/net/swordie/ms/scripts/scriptMaker/ScriptMaker.java
983 ./src/main/java/net/swordie/ms/scripts/scriptMaker/ScriptPacketParser.java
1669 ./src/main/java/net/swordie/ms/scripts/ScriptManager.java
3462 ./src/main/java/net/swordie/ms/scripts/ScriptManagerImpl.java
86 ./src/main/java/net/swordie/ms/scripts/ScriptMemory.java
26 ./src/main/java/net/swordie/ms/scripts/ScriptType.java
352 ./src/main/java/net/swordie/ms/Server.java
18 ./src/main/java/net/swordie/ms/ServerConfig.java
42 ./src/main/java/net/swordie/ms/ServerConstants.java
20 ./src/main/java/net/swordie/ms/ServerStatus.java
113 ./src/main/java/net/swordie/ms/util/AntiMacro.java
43 ./src/main/java/net/swordie/ms/util/container/Triple.java
46 ./src/main/java/net/swordie/ms/util/container/Tuple.java
43 ./src/main/java/net/swordie/ms/util/dsl/SWEntity.java
70 ./src/main/java/net/swordie/ms/util/dsl/SWParser.java
245 ./src/main/java/net/swordie/ms/util/FileoutputUtil.java
318 ./src/main/java/net/swordie/ms/util/FileTime.java
80 ./src/main/java/net/swordie/ms/util/HeapDumper.java
40 ./src/main/java/net/swordie/ms/util/IntegerValue.java
16 ./src/main/java/net/swordie/ms/util/Loader.java
371 ./src/main/java/net/swordie/ms/util/MetaProgramming.java
73 ./src/main/java/net/swordie/ms/util/Position.java
58 ./src/main/java/net/swordie/ms/util/Randomizer.java
198 ./src/main/java/net/swordie/ms/util/Rect.java
16 ./src/main/java/net/swordie/ms/util/Saver.java
44 ./src/main/java/net/swordie/ms/util/SharkPropertyMaker.java
213 ./src/main/java/net/swordie/ms/util/StringUtil.java
50 ./src/main/java/net/swordie/ms/util/SystemTime.java
569 ./src/main/java/net/swordie/ms/util/Util.java
165 ./src/main/java/net/swordie/ms/util/XMLApi.java
69 ./src/main/java/net/swordie/ms/world/auction/armor/AuctionAccType.java
52 ./src/main/java/net/swordie/ms/world/auction/armor/AuctionArmorFirstType.java
53 ./src/main/java/net/swordie/ms/world/auction/armor/AuctionArmorType.java
56 ./src/main/java/net/swordie/ms/world/auction/armor/AuctionEtcArmorType.java
12 ./src/main/java/net/swordie/ms/world/auction/AuctionEnum.java
81 ./src/main/java/net/swordie/ms/world/auction/AuctionInvType.java
353 ./src/main/java/net/swordie/ms/world/auction/AuctionItem.java
43 ./src/main/java/net/swordie/ms/world/auction/AuctionPotType.java
214 ./src/main/java/net/swordie/ms/world/auction/AuctionResult.java
57 ./src/main/java/net/swordie/ms/world/auction/AuctionType.java
31 ./src/main/java/net/swordie/ms/world/auction/cash/AuctionBeautyType.java
28 ./src/main/java/net/swordie/ms/world/auction/cash/AuctionBoostType.java
25 ./src/main/java/net/swordie/ms/world/auction/cash/AuctionCashEtcType.java
49 ./src/main/java/net/swordie/ms/world/auction/cash/AuctionCashType.java
30 ./src/main/java/net/swordie/ms/world/auction/cash/AuctionGameType.java
26 ./src/main/java/net/swordie/ms/world/auction/cash/AuctionLabelType.java
40 ./src/main/java/net/swordie/ms/world/auction/cash/AuctionOutfitType.java
31 ./src/main/java/net/swordie/ms/world/auction/cash/AuctionPetType.java
27 ./src/main/java/net/swordie/ms/world/auction/etc/AuctionChairType.java
38 ./src/main/java/net/swordie/ms/world/auction/etc/AuctionEtcType.java
27 ./src/main/java/net/swordie/ms/world/auction/etc/AuctionProfessionType.java
29 ./src/main/java/net/swordie/ms/world/auction/use/AuctionAlchemyType.java
29 ./src/main/java/net/swordie/ms/world/auction/use/AuctionConsumeEtcType.java
29 ./src/main/java/net/swordie/ms/world/auction/use/AuctionRecipeType.java
28 ./src/main/java/net/swordie/ms/world/auction/use/AuctionRecoveryType.java
33 ./src/main/java/net/swordie/ms/world/auction/use/AuctionScrollType.java
26 ./src/main/java/net/swordie/ms/world/auction/use/AuctionSkillBookType.java
69 ./src/main/java/net/swordie/ms/world/auction/use/AuctionUseType.java
96 ./src/main/java/net/swordie/ms/world/auction/weapon/AuctionOneHandedWeaponType.java
112 ./src/main/java/net/swordie/ms/world/auction/weapon/AuctionSecondaryType.java
92 ./src/main/java/net/swordie/ms/world/auction/weapon/AuctionTwoHandedWeaponType.java
40 ./src/main/java/net/swordie/ms/world/auction/weapon/AuctionWeaponFirstType.java
181 ./src/main/java/net/swordie/ms/world/Channel.java
50 ./src/main/java/net/swordie/ms/world/field/bosses/gollux/FallingCatcher.java
24 ./src/main/java/net/swordie/ms/world/field/bosses/gollux/GolluxMiniMapFieldClearType.java
34 ./src/main/java/net/swordie/ms/world/field/bosses/lucid/Butterfly.java
23 ./src/main/java/net/swordie/ms/world/field/bosses/lucid/ButterflyActionType.java
28 ./src/main/java/net/swordie/ms/world/field/bosses/lucid/ButterflyType.java
49 ./src/main/java/net/swordie/ms/world/field/bosses/lucid/FairyDust.java
36 ./src/main/java/net/swordie/ms/world/field/bosses/lucid/LucidSkillType.java
161 ./src/main/java/net/swordie/ms/world/field/Clock.java
126 ./src/main/java/net/swordie/ms/world/field/ClockPacket.java
1992 ./src/main/java/net/swordie/ms/world/field/Field.java
42 ./src/main/java/net/swordie/ms/world/field/FieldCustom.java
561 ./src/main/java/net/swordie/ms/world/field/fieldeffect/FieldEffect.java
63 ./src/main/java/net/swordie/ms/world/field/fieldeffect/FieldEffectType.java
26 ./src/main/java/net/swordie/ms/world/field/fieldeffect/GreyFieldType.java
11 ./src/main/java/net/swordie/ms/world/field/FieldInstanceType.java
184 ./src/main/java/net/swordie/ms/world/field/Foothold.java
339 ./src/main/java/net/swordie/ms/world/field/Instance.java
66 ./src/main/java/net/swordie/ms/world/field/MapTaggedObject.java
90 ./src/main/java/net/swordie/ms/world/field/MobGen.java
205 ./src/main/java/net/swordie/ms/world/field/obtacleatom/ObtacleAtomInfo.java
73 ./src/main/java/net/swordie/ms/world/field/obtacleatom/ObtacleDiagonalInfo.java
84 ./src/main/java/net/swordie/ms/world/field/obtacleatom/ObtacleInRowInfo.java
74 ./src/main/java/net/swordie/ms/world/field/obtacleatom/ObtacleRadianInfo.java
153 ./src/main/java/net/swordie/ms/world/field/Portal.java
41 ./src/main/java/net/swordie/ms/world/field/PortalType.java
122 ./src/main/java/net/swordie/ms/world/gach/GachaponConstants.java
53 ./src/main/java/net/swordie/ms/world/gach/GachaponInfo.java
45 ./src/main/java/net/swordie/ms/world/gach/GachaponManager.java
19 ./src/main/java/net/swordie/ms/world/gach/result/GachaponDlgType.java
25 ./src/main/java/net/swordie/ms/world/gach/result/GachaponResult.java
46 ./src/main/java/net/swordie/ms/world/shop/BuyLimitInfo.java
238 ./src/main/java/net/swordie/ms/world/shop/cashshop/CashItemInfo.java
281 ./src/main/java/net/swordie/ms/world/shop/cashshop/CashShop.java
114 ./src/main/java/net/swordie/ms/world/shop/cashshop/CashShopCategory.java
501 ./src/main/java/net/swordie/ms/world/shop/cashshop/CashShopItem.java
121 ./src/main/java/net/swordie/ms/world/shop/NpcShopDlg.java
444 ./src/main/java/net/swordie/ms/world/shop/NpcShopItem.java
90 ./src/main/java/net/swordie/ms/world/shop/result/ShopResult.java
112 ./src/main/java/net/swordie/ms/world/shop/result/ShopResultType.java
28 ./src/main/java/net/swordie/ms/world/shop/ShopRequestType.java
35 ./src/main/java/net/swordie/ms/world/shop/ShopTabIndex.java
430 ./src/main/java/net/swordie/ms/world/World.java
